<?xml version="1.0" encoding="UTF-8" ?>
<testsuite tests="1" failures="0" name="DatabaseTest" time="0.172" errors="0" skipped="0">
  <properties>
    <property name="java.runtime.name" value="OpenJDK Runtime Environment"/>
    <property name="java.vm.version" value="18.0.2+9"/>
    <property name="sun.boot.library.path" value="D:\Program Files\Apache NetBeans\jdk\bin"/>
    <property name="user.country.format" value="US"/>
    <property name="maven.multiModuleProjectDirectory" value="C:\Users\guilu\OneDrive\Documentos\NetBeansProjects\EstoqueMercado"/>
    <property name="java.vm.vendor" value="Azul Systems, Inc."/>
    <property name="java.vendor.url" value="http://www.azul.com/"/>
    <property name="guice.disable.misplaced.annotation.check" value="true"/>
    <property name="path.separator" value=";"/>
    <property name="java.vm.name" value="OpenJDK 64-Bit Server VM"/>
    <property name="sun.os.patch.level" value=""/>
    <property name="user.script" value=""/>
    <property name="user.country" value="BR"/>
    <property name="sun.java.launcher" value="SUN_STANDARD"/>
    <property name="test" value="DatabaseTest#testNewDatabase"/>
    <property name="java.vm.specification.name" value="Java Virtual Machine Specification"/>
    <property name="user.dir" value="C:\Users\guilu\OneDrive\Documentos\NetBeansProjects\EstoqueMercado"/>
    <property name="java.vm.compressedOopsMode" value="Zero based"/>
    <property name="java.runtime.version" value="18.0.2+9"/>
    <property name="os.arch" value="amd64"/>
    <property name="java.io.tmpdir" value="C:\Users\guilu\AppData\Local\Temp\"/>
    <property name="line.separator" value="
"/>
    <property name="java.vm.specification.vendor" value="Oracle Corporation"/>
    <property name="user.variant" value=""/>
    <property name="os.name" value="Windows 10"/>
    <property name="maven.ext.class.path" value="D:\Program Files\Apache NetBeans\java\maven-nblib\netbeans-eventspy.jar"/>
    <property name="classworlds.conf" value="D:\Program Files\Apache NetBeans\java\maven\bin\m2.conf"/>
    <property name="sun.jnu.encoding" value="Cp1252"/>
    <property name="java.library.path" value="D:\Program Files\Apache NetBeans\jdk\bin;C:\Windows\Sun\Java\bin;C:\Windows\system32;C:\Windows;C:\Program Files\Common Files\Oracle\Java\javapath;C:\Program Files\AdoptOpenJDK\jdk-16.0.1.9-openj9\bin;C:\Program Files\AdoptOpenJDK\jdk-8.0.292.10-hotspot\bin;C:\Windows\system32;C:\Windows;C:\Windows\System32\Wbem;C:\Windows\System32\WindowsPowerShell\v1.0\;C:\Windows\System32\OpenSSH\;C:\Program Files\NVIDIA Corporation\NVIDIA NvDLISR;C:\Program Files (x86)\NVIDIA Corporation\PhysX\Common;C:\Program Files\dotnet\;D:\php\php-8.1.7-nts-Win32-vs16-x64;D:\composer;C:\ProgramData\chocolatey\bin;C:\tools\php81;C:\ProgramData\ComposerSetup\bin;C:\Program Files\nodejs\;C:\Program Files\OpenJDK\jdk-18.0.1.1\bin;C:\Program Files\Git\cmd;C:\Program Files\Steel Bank Common Lisp\;D:\Program Files\LOVE;C:\Program Files\swipl\bin;C:\Program Files\Microsoft SQL Server\150\Tools\Binn\;D:\Program Files\CMake\bin;D:\bin\c\bin;D:\bin\perl\site\bin;D:\bin\perl\bin;C:\Program Files (x86)\Certbot\bin;C:\Python\Scripts\;C:\Python\;C:\Users\guilu\.cargo\bin;C:\tools\ruby31\bin;C:\Users\guilu\AppData\Local\Microsoft\WindowsApps;C:\Users\guilu\AppData\Roaming\Composer\vendor\bin;C:\Users\guilu\AppData\Local\Programs\Microsoft VS Code\bin;C:\Users\guilu\AppData\Roaming\npm;C:\tools\msys64;C:\Users\guilu\.local\share\gem\ruby\3.1.0\bin;C:\Users\guilu\AppData\Local\JetBrains\Toolbox\scripts;C:\Users\guilu\.dotnet\tools;D:\bin;;."/>
    <property name="maven.conf" value="D:\Program Files\Apache NetBeans\java\maven/conf"/>
    <property name="jdk.debug" value="release"/>
    <property name="java.class.version" value="62.0"/>
    <property name="java.specification.name" value="Java Platform API Specification"/>
    <property name="sun.management.compiler" value="HotSpot 64-Bit Tiered Compilers"/>
    <property name="os.version" value="10.0"/>
    <property name="library.jansi.path" value="D:\Program Files\Apache NetBeans\java\maven\lib\jansi-native"/>
    <property name="user.home" value="C:\Users\guilu"/>
    <property name="user.timezone" value="America/Sao_Paulo"/>
    <property name="file.encoding" value="UTF-8"/>
    <property name="java.specification.version" value="18"/>
    <property name="user.name" value="guilu"/>
    <property name="java.class.path" value="D:\Program Files\Apache NetBeans\java\maven\boot\plexus-classworlds-2.6.0.jar"/>
    <property name="java.vm.specification.version" value="18"/>
    <property name="sun.arch.data.model" value="64"/>
    <property name="sun.java.command" value="org.codehaus.plexus.classworlds.launcher.Launcher -Dtest=DatabaseTest#testNewDatabase -Dmaven.ext.class.path=D:\Program Files\Apache NetBeans\java\maven-nblib\netbeans-eventspy.jar surefire:test"/>
    <property name="java.home" value="D:\Program Files\Apache NetBeans\jdk"/>
    <property name="user.language" value="pt"/>
    <property name="java.specification.vendor" value="Oracle Corporation"/>
    <property name="user.language.format" value="en"/>
    <property name="java.vm.info" value="mixed mode, sharing"/>
    <property name="java.version" value="18.0.2"/>
    <property name="native.encoding" value="Cp1252"/>
    <property name="java.vendor" value="Azul Systems, Inc."/>
    <property name="maven.home" value="D:\Program Files\Apache NetBeans\java\maven"/>
    <property name="file.separator" value="\"/>
    <property name="java.version.date" value="2022-07-19"/>
    <property name="java.vendor.url.bug" value="http://www.azul.com/support/"/>
    <property name="sun.io.unicode.encoding" value="UnicodeLittle"/>
    <property name="sun.cpu.endian" value="little"/>
    <property name="java.vendor.version" value="Zulu18.32+11-CA"/>
    <property name="sun.cpu.isalist" value="amd64"/>
  </properties>
  <testcase classname="DatabaseTest" name="testNewDatabase" time="0.172"/>
</testsuite>